{
  "summary": {
    "total_tests": 45,
    "passed": 1,
    "failed": 44,
    "success_rate": 2.2222222222222223,
    "total_execution_time": 36.5545551776886,
    "average_test_time": 0.9503570715586345
  },
  "results": {
    "options_signals": {
      "success": false,
      "execution_time": 0.32746005058288574,
      "stdout": "",
      "stderr": "Traceback (most recent call last):\n  File \"/Users/rajeshgupta/PycharmProjects/ragheat-poc/hostinger-deploy/ragheat_testing_framework/tests/individual_features/test_options_signals.py\", line 17, in <module>\n    from framework.base_test import BaseTest\nModuleNotFoundError: No module named 'framework'\n",
      "return_code": 1
    },
    "heat_diffusion_analysis": {
      "success": false,
      "execution_time": 0.3282461166381836,
      "stdout": "",
      "stderr": "Traceback (most recent call last):\n  File \"/Users/rajeshgupta/PycharmProjects/ragheat-poc/hostinger-deploy/ragheat_testing_framework/tests/individual_features/test_heat_diffusion_analysis.py\", line 17, in <module>\n    from framework.base_test import BaseTest\nModuleNotFoundError: No module named 'framework'\n",
      "return_code": 1
    },
    "websocket_data": {
      "success": false,
      "execution_time": 0.2795908451080322,
      "stdout": "",
      "stderr": "Traceback (most recent call last):\n  File \"/Users/rajeshgupta/PycharmProjects/ragheat-poc/hostinger-deploy/ragheat_testing_framework/tests/individual_features/test_websocket_data.py\", line 17, in <module>\n    from framework.base_test import BaseTest\nModuleNotFoundError: No module named 'framework'\n",
      "return_code": 1
    },
    "fundamental_analysis": {
      "success": false,
      "execution_time": 0.2801966667175293,
      "stdout": "",
      "stderr": "Traceback (most recent call last):\n  File \"/Users/rajeshgupta/PycharmProjects/ragheat-poc/hostinger-deploy/ragheat_testing_framework/tests/individual_features/test_fundamental_analysis.py\", line 17, in <module>\n    from framework.base_test import BaseTest\nModuleNotFoundError: No module named 'framework'\n",
      "return_code": 1
    },
    "momentum_analysis": {
      "success": false,
      "execution_time": 0.2734217643737793,
      "stdout": "",
      "stderr": "Traceback (most recent call last):\n  File \"/Users/rajeshgupta/PycharmProjects/ragheat-poc/hostinger-deploy/ragheat_testing_framework/tests/individual_features/test_momentum_analysis.py\", line 17, in <module>\n    from framework.base_test import BaseTest\nModuleNotFoundError: No module named 'framework'\n",
      "return_code": 1
    },
    "risk_agent": {
      "success": false,
      "execution_time": 0.27454590797424316,
      "stdout": "",
      "stderr": "Traceback (most recent call last):\n  File \"/Users/rajeshgupta/PycharmProjects/ragheat-poc/hostinger-deploy/ragheat_testing_framework/tests/individual_features/test_risk_agent.py\", line 17, in <module>\n    from framework.base_test import BaseTest\nModuleNotFoundError: No module named 'framework'\n",
      "return_code": 1
    },
    "market_events": {
      "success": false,
      "execution_time": 0.3763158321380615,
      "stdout": "",
      "stderr": "Traceback (most recent call last):\n  File \"/Users/rajeshgupta/PycharmProjects/ragheat-poc/hostinger-deploy/ragheat_testing_framework/tests/individual_features/test_market_events.py\", line 17, in <module>\n    from framework.base_test import BaseTest\nModuleNotFoundError: No module named 'framework'\n",
      "return_code": 1
    },
    "advanced_knowledge_graph": {
      "success": false,
      "execution_time": 0.3763570785522461,
      "stdout": "",
      "stderr": "Traceback (most recent call last):\n  File \"/Users/rajeshgupta/PycharmProjects/ragheat-poc/hostinger-deploy/ragheat_testing_framework/tests/individual_features/test_advanced_knowledge_graph.py\", line 17, in <module>\n    from framework.base_test import BaseTest\nModuleNotFoundError: No module named 'framework'\n",
      "return_code": 1
    },
    "dashboard_navigation": {
      "success": false,
      "execution_time": 0.3786461353302002,
      "stdout": "",
      "stderr": "Traceback (most recent call last):\n  File \"/Users/rajeshgupta/PycharmProjects/ragheat-poc/hostinger-deploy/ragheat_testing_framework/tests/individual_features/test_dashboard_navigation.py\", line 17, in <module>\n    from framework.base_test import BaseTest\nModuleNotFoundError: No module named 'framework'\n",
      "return_code": 1
    },
    "sentiment_analysis": {
      "success": false,
      "execution_time": 0.38117218017578125,
      "stdout": "",
      "stderr": "Traceback (most recent call last):\n  File \"/Users/rajeshgupta/PycharmProjects/ragheat-poc/hostinger-deploy/ragheat_testing_framework/tests/individual_features/test_sentiment_analysis.py\", line 17, in <module>\n    from framework.base_test import BaseTest\nModuleNotFoundError: No module named 'framework'\n",
      "return_code": 1
    },
    "real_time_pricing": {
      "success": false,
      "execution_time": 0.3107287883758545,
      "stdout": "",
      "stderr": "Traceback (most recent call last):\n  File \"/Users/rajeshgupta/PycharmProjects/ragheat-poc/hostinger-deploy/ragheat_testing_framework/tests/individual_features/test_real_time_pricing.py\", line 17, in <module>\n    from framework.base_test import BaseTest\nModuleNotFoundError: No module named 'framework'\n",
      "return_code": 1
    },
    "dashboard_widgets": {
      "success": false,
      "execution_time": 0.30910801887512207,
      "stdout": "",
      "stderr": "Traceback (most recent call last):\n  File \"/Users/rajeshgupta/PycharmProjects/ragheat-poc/hostinger-deploy/ragheat_testing_framework/tests/individual_features/test_dashboard_widgets.py\", line 17, in <module>\n    from framework.base_test import BaseTest\nModuleNotFoundError: No module named 'framework'\n",
      "return_code": 1
    },
    "live_alerts": {
      "success": false,
      "execution_time": 0.3361680507659912,
      "stdout": "",
      "stderr": "Traceback (most recent call last):\n  File \"/Users/rajeshgupta/PycharmProjects/ragheat-poc/hostinger-deploy/ragheat_testing_framework/tests/individual_features/test_live_alerts.py\", line 17, in <module>\n    from framework.base_test import BaseTest\nModuleNotFoundError: No module named 'framework'\n",
      "return_code": 1
    },
    "options_flow": {
      "success": false,
      "execution_time": 0.3403501510620117,
      "stdout": "",
      "stderr": "Traceback (most recent call last):\n  File \"/Users/rajeshgupta/PycharmProjects/ragheat-poc/hostinger-deploy/ragheat_testing_framework/tests/individual_features/test_options_flow.py\", line 17, in <module>\n    from framework.base_test import BaseTest\nModuleNotFoundError: No module named 'framework'\n",
      "return_code": 1
    },
    "path_analysis": {
      "success": false,
      "execution_time": 0.25064587593078613,
      "stdout": "",
      "stderr": "Traceback (most recent call last):\n  File \"/Users/rajeshgupta/PycharmProjects/ragheat-poc/hostinger-deploy/ragheat_testing_framework/tests/individual_features/test_path_analysis.py\", line 17, in <module>\n    from framework.base_test import BaseTest\nModuleNotFoundError: No module named 'framework'\n",
      "return_code": 1
    },
    "sector_analysis": {
      "success": false,
      "execution_time": 0.2544269561767578,
      "stdout": "",
      "stderr": "Traceback (most recent call last):\n  File \"/Users/rajeshgupta/PycharmProjects/ragheat-poc/hostinger-deploy/ragheat_testing_framework/tests/individual_features/test_sector_analysis.py\", line 17, in <module>\n    from framework.base_test import BaseTest\nModuleNotFoundError: No module named 'framework'\n",
      "return_code": 1
    },
    "heatmap_visualization": {
      "success": false,
      "execution_time": 0.2592127323150635,
      "stdout": "",
      "stderr": "Traceback (most recent call last):\n  File \"/Users/rajeshgupta/PycharmProjects/ragheat-poc/hostinger-deploy/ragheat_testing_framework/tests/individual_features/test_heatmap_visualization.py\", line 17, in <module>\n    from framework.base_test import BaseTest\nModuleNotFoundError: No module named 'framework'\n",
      "return_code": 1
    },
    "options_strategies": {
      "success": false,
      "execution_time": 0.2618701457977295,
      "stdout": "",
      "stderr": "Traceback (most recent call last):\n  File \"/Users/rajeshgupta/PycharmProjects/ragheat-poc/hostinger-deploy/ragheat_testing_framework/tests/individual_features/test_options_strategies.py\", line 17, in <module>\n    from framework.base_test import BaseTest\nModuleNotFoundError: No module named 'framework'\n",
      "return_code": 1
    },
    "interactive_charts": {
      "success": false,
      "execution_time": 0.26052093505859375,
      "stdout": "",
      "stderr": "Traceback (most recent call last):\n  File \"/Users/rajeshgupta/PycharmProjects/ragheat-poc/hostinger-deploy/ragheat_testing_framework/tests/individual_features/test_interactive_charts.py\", line 17, in <module>\n    from framework.base_test import BaseTest\nModuleNotFoundError: No module named 'framework'\n",
      "return_code": 1
    },
    "valuation_agent": {
      "success": false,
      "execution_time": 0.2654080390930176,
      "stdout": "",
      "stderr": "Traceback (most recent call last):\n  File \"/Users/rajeshgupta/PycharmProjects/ragheat-poc/hostinger-deploy/ragheat_testing_framework/tests/individual_features/test_valuation_agent.py\", line 17, in <module>\n    from framework.base_test import BaseTest\nModuleNotFoundError: No module named 'framework'\n",
      "return_code": 1
    },
    "ontology_graph": {
      "success": false,
      "execution_time": 0.2980191707611084,
      "stdout": "",
      "stderr": "Traceback (most recent call last):\n  File \"/Users/rajeshgupta/PycharmProjects/ragheat-poc/hostinger-deploy/ragheat_testing_framework/tests/individual_features/test_ontology_graph.py\", line 17, in <module>\n    from framework.base_test import BaseTest\nModuleNotFoundError: No module named 'framework'\n",
      "return_code": 1
    },
    "graph_clustering": {
      "success": false,
      "execution_time": 0.3027341365814209,
      "stdout": "",
      "stderr": "Traceback (most recent call last):\n  File \"/Users/rajeshgupta/PycharmProjects/ragheat-poc/hostinger-deploy/ragheat_testing_framework/tests/individual_features/test_graph_clustering.py\", line 17, in <module>\n    from framework.base_test import BaseTest\nModuleNotFoundError: No module named 'framework'\n",
      "return_code": 1
    },
    "volatility_analysis": {
      "success": false,
      "execution_time": 0.2594642639160156,
      "stdout": "",
      "stderr": "Traceback (most recent call last):\n  File \"/Users/rajeshgupta/PycharmProjects/ragheat-poc/hostinger-deploy/ragheat_testing_framework/tests/individual_features/test_volatility_analysis.py\", line 17, in <module>\n    from framework.base_test import BaseTest\nModuleNotFoundError: No module named 'framework'\n",
      "return_code": 1
    },
    "fundamental_agent": {
      "success": false,
      "execution_time": 0.25749826431274414,
      "stdout": "",
      "stderr": "Traceback (most recent call last):\n  File \"/Users/rajeshgupta/PycharmProjects/ragheat-poc/hostinger-deploy/ragheat_testing_framework/tests/individual_features/test_fundamental_agent.py\", line 17, in <module>\n    from framework.base_test import BaseTest\nModuleNotFoundError: No module named 'framework'\n",
      "return_code": 1
    },
    "options_pricing": {
      "success": false,
      "execution_time": 0.2618370056152344,
      "stdout": "",
      "stderr": "Traceback (most recent call last):\n  File \"/Users/rajeshgupta/PycharmProjects/ragheat-poc/hostinger-deploy/ragheat_testing_framework/tests/individual_features/test_options_pricing.py\", line 17, in <module>\n    from framework.base_test import BaseTest\nModuleNotFoundError: No module named 'framework'\n",
      "return_code": 1
    },
    "options_volatility": {
      "success": false,
      "execution_time": 0.26589488983154297,
      "stdout": "",
      "stderr": "Traceback (most recent call last):\n  File \"/Users/rajeshgupta/PycharmProjects/ragheat-poc/hostinger-deploy/ragheat_testing_framework/tests/individual_features/test_options_volatility.py\", line 17, in <module>\n    from framework.base_test import BaseTest\nModuleNotFoundError: No module named 'framework'\n",
      "return_code": 1
    },
    "agent_orchestration": {
      "success": false,
      "execution_time": 0.25485682487487793,
      "stdout": "",
      "stderr": "Traceback (most recent call last):\n  File \"/Users/rajeshgupta/PycharmProjects/ragheat-poc/hostinger-deploy/ragheat_testing_framework/tests/individual_features/test_agent_orchestration.py\", line 17, in <module>\n    from framework.base_test import BaseTest\nModuleNotFoundError: No module named 'framework'\n",
      "return_code": 1
    },
    "streaming_quotes": {
      "success": false,
      "execution_time": 0.2549149990081787,
      "stdout": "",
      "stderr": "Traceback (most recent call last):\n  File \"/Users/rajeshgupta/PycharmProjects/ragheat-poc/hostinger-deploy/ragheat_testing_framework/tests/individual_features/test_streaming_quotes.py\", line 17, in <module>\n    from framework.base_test import BaseTest\nModuleNotFoundError: No module named 'framework'\n",
      "return_code": 1
    },
    "options_alerts": {
      "success": false,
      "execution_time": 0.25704097747802734,
      "stdout": "",
      "stderr": "Traceback (most recent call last):\n  File \"/Users/rajeshgupta/PycharmProjects/ragheat-poc/hostinger-deploy/ragheat_testing_framework/tests/individual_features/test_options_alerts.py\", line 17, in <module>\n    from framework.base_test import BaseTest\nModuleNotFoundError: No module named 'framework'\n",
      "return_code": 1
    },
    "technical_analysis": {
      "success": false,
      "execution_time": 0.2626056671142578,
      "stdout": "",
      "stderr": "Traceback (most recent call last):\n  File \"/Users/rajeshgupta/PycharmProjects/ragheat-poc/hostinger-deploy/ragheat_testing_framework/tests/individual_features/test_technical_analysis.py\", line 17, in <module>\n    from framework.base_test import BaseTest\nModuleNotFoundError: No module named 'framework'\n",
      "return_code": 1
    },
    "market_overview": {
      "success": false,
      "execution_time": 0.25783610343933105,
      "stdout": "",
      "stderr": "Traceback (most recent call last):\n  File \"/Users/rajeshgupta/PycharmProjects/ragheat-poc/hostinger-deploy/ragheat_testing_framework/tests/individual_features/test_market_overview.py\", line 17, in <module>\n    from framework.base_test import BaseTest\nModuleNotFoundError: No module named 'framework'\n",
      "return_code": 1
    },
    "sentiment_agent": {
      "success": false,
      "execution_time": 0.2552368640899658,
      "stdout": "",
      "stderr": "Traceback (most recent call last):\n  File \"/Users/rajeshgupta/PycharmProjects/ragheat-poc/hostinger-deploy/ragheat_testing_framework/tests/individual_features/test_sentiment_agent.py\", line 17, in <module>\n    from framework.base_test import BaseTest\nModuleNotFoundError: No module named 'framework'\n",
      "return_code": 1
    },
    "valuation_analysis": {
      "success": false,
      "execution_time": 0.25929999351501465,
      "stdout": "",
      "stderr": "Traceback (most recent call last):\n  File \"/Users/rajeshgupta/PycharmProjects/ragheat-poc/hostinger-deploy/ragheat_testing_framework/tests/individual_features/test_valuation_analysis.py\", line 17, in <module>\n    from framework.base_test import BaseTest\nModuleNotFoundError: No module named 'framework'\n",
      "return_code": 1
    },
    "sigma_js_graph": {
      "success": false,
      "execution_time": 0.2615690231323242,
      "stdout": "",
      "stderr": "Traceback (most recent call last):\n  File \"/Users/rajeshgupta/PycharmProjects/ragheat-poc/hostinger-deploy/ragheat_testing_framework/tests/individual_features/test_sigma_js_graph.py\", line 17, in <module>\n    from framework.base_test import BaseTest\nModuleNotFoundError: No module named 'framework'\n",
      "return_code": 1
    },
    "options_gamma": {
      "success": false,
      "execution_time": 0.2568669319152832,
      "stdout": "",
      "stderr": "Traceback (most recent call last):\n  File \"/Users/rajeshgupta/PycharmProjects/ragheat-poc/hostinger-deploy/ragheat_testing_framework/tests/individual_features/test_options_gamma.py\", line 17, in <module>\n    from framework.base_test import BaseTest\nModuleNotFoundError: No module named 'framework'\n",
      "return_code": 1
    },
    "3d_visualization": {
      "success": false,
      "execution_time": 0.25791287422180176,
      "stdout": "",
      "stderr": "Traceback (most recent call last):\n  File \"/Users/rajeshgupta/PycharmProjects/ragheat-poc/hostinger-deploy/ragheat_testing_framework/tests/individual_features/test_3d_visualization.py\", line 17, in <module>\n    from framework.base_test import BaseTest\nModuleNotFoundError: No module named 'framework'\n",
      "return_code": 1
    },
    "portfolio_coordinator": {
      "success": false,
      "execution_time": 0.26769089698791504,
      "stdout": "",
      "stderr": "Traceback (most recent call last):\n  File \"/Users/rajeshgupta/PycharmProjects/ragheat-poc/hostinger-deploy/ragheat_testing_framework/tests/individual_features/test_portfolio_coordinator.py\", line 17, in <module>\n    from framework.base_test import BaseTest\nModuleNotFoundError: No module named 'framework'\n",
      "return_code": 1
    },
    "risk_analysis": {
      "success": false,
      "execution_time": 0.2659037113189697,
      "stdout": "",
      "stderr": "Traceback (most recent call last):\n  File \"/Users/rajeshgupta/PycharmProjects/ragheat-poc/hostinger-deploy/ragheat_testing_framework/tests/individual_features/test_risk_analysis.py\", line 17, in <module>\n    from framework.base_test import BaseTest\nModuleNotFoundError: No module named 'framework'\n",
      "return_code": 1
    },
    "network_topology": {
      "success": false,
      "execution_time": 0.2535440921783447,
      "stdout": "",
      "stderr": "Traceback (most recent call last):\n  File \"/Users/rajeshgupta/PycharmProjects/ragheat-poc/hostinger-deploy/ragheat_testing_framework/tests/individual_features/test_network_topology.py\", line 17, in <module>\n    from framework.base_test import BaseTest\nModuleNotFoundError: No module named 'framework'\n",
      "return_code": 1
    },
    "live_data_stream": {
      "success": false,
      "execution_time": 0.2579162120819092,
      "stdout": "",
      "stderr": "Traceback (most recent call last):\n  File \"/Users/rajeshgupta/PycharmProjects/ragheat-poc/hostinger-deploy/ragheat_testing_framework/tests/individual_features/test_live_data_stream.py\", line 17, in <module>\n    from framework.base_test import BaseTest\nModuleNotFoundError: No module named 'framework'\n",
      "return_code": 1
    },
    "system_health": {
      "success": false,
      "execution_time": 0.257112979888916,
      "stdout": "",
      "stderr": "Traceback (most recent call last):\n  File \"/Users/rajeshgupta/PycharmProjects/ragheat-poc/hostinger-deploy/ragheat_testing_framework/tests/individual_features/test_system_health.py\", line 17, in <module>\n    from framework.base_test import BaseTest\nModuleNotFoundError: No module named 'framework'\n",
      "return_code": 1
    },
    "knowledge_graph": {
      "success": false,
      "execution_time": 0.2562832832336426,
      "stdout": "",
      "stderr": "Traceback (most recent call last):\n  File \"/Users/rajeshgupta/PycharmProjects/ragheat-poc/hostinger-deploy/ragheat_testing_framework/tests/individual_features/test_knowledge_graph.py\", line 17, in <module>\n    from framework.base_test import BaseTest\nModuleNotFoundError: No module named 'framework'\n",
      "return_code": 1
    },
    "enhanced_graph": {
      "success": false,
      "execution_time": 0.2633538246154785,
      "stdout": "",
      "stderr": "Traceback (most recent call last):\n  File \"/Users/rajeshgupta/PycharmProjects/ragheat-poc/hostinger-deploy/ragheat_testing_framework/tests/individual_features/test_enhanced_graph.py\", line 17, in <module>\n    from framework.base_test import BaseTest\nModuleNotFoundError: No module named 'framework'\n",
      "return_code": 1
    },
    "correlation_analysis": {
      "success": false,
      "execution_time": 0.25775790214538574,
      "stdout": "",
      "stderr": "Traceback (most recent call last):\n  File \"/Users/rajeshgupta/PycharmProjects/ragheat-poc/hostinger-deploy/ragheat_testing_framework/tests/individual_features/test_correlation_analysis.py\", line 17, in <module>\n    from framework.base_test import BaseTest\nModuleNotFoundError: No module named 'framework'\n",
      "return_code": 1
    },
    "portfolio_construction": {
      "success": true,
      "execution_time": 30.33852505683899,
      "stdout": "\ud83e\uddea STARTING INDIVIDUAL FEATURE TEST\n\ud83d\udccb Feature: Portfolio Construction\n\ud83d\udd11 Key: portfolio_construction\n\u2705 Chrome WebDriver initialized successfully\n\ud83d\ude80 Starting test: <lambda>\n\n================================================================================\n\ud83d\ude80 COMPREHENSIVE TEST: Portfolio Construction\n================================================================================\n\ud83e\uddea Testing Portfolio Construction API endpoint...\n   \u2705 API test passed (0.03s)\n\ud83d\uddb1\ufe0f Testing Portfolio Construction UI interaction...\n\ud83c\udf10 Navigating to: http://localhost:3000\n\u2705 Dashboard loaded successfully\n   \u274c UI element not found: //button[contains(text(), 'PORTFOLIO AI')]\n\ud83d\udcca Testing Portfolio Construction data validation...\n   \u2705 Data validation passed\n\n============================================================\n\ud83d\udccb TEST REPORT: Portfolio Construction\n============================================================\n\ud83d\udd0c API Endpoint Test: \u2705 PASSED\n\ud83d\uddb1\ufe0f UI Interaction Test: \u274c FAILED\n\ud83d\udcca Data Validation Test: \u2705 PASSED\n\n\u23f1\ufe0f Performance Metrics:\n   api_response_time: 0.03s\n\n\u26a0\ufe0f Issues Found (1)):\n   \u2022 UI element not found: //button[contains(text(), 'PORTFOLIO AI')]\n\n\ud83d\udcf8 Screenshots Captured (1)):\n   \ud83d\udcc4 screenshots/portfolio_construction_initial_1757885539.png\n\n\ud83c\udfaf Overall Result: \u274c FAILED\n\ud83d\udcbe Detailed report saved: reports/individual_test_portfolio_construction_1757885560.json\n\n\u274c Portfolio Construction test failed!\n\ud83d\udcf8 Screenshot saved: screenshots/<lambda>_completed_20250914_173240.png\n\ud83e\uddf9 Browser closed for test: <lambda>\n\u23f1\ufe0f Test <lambda> completed in 29.57s\n",
      "stderr": "",
      "return_code": 0
    }
  },
  "failed_tests": [
    "options_signals",
    "heat_diffusion_analysis",
    "websocket_data",
    "fundamental_analysis",
    "momentum_analysis",
    "risk_agent",
    "market_events",
    "advanced_knowledge_graph",
    "dashboard_navigation",
    "sentiment_analysis",
    "real_time_pricing",
    "dashboard_widgets",
    "live_alerts",
    "options_flow",
    "path_analysis",
    "sector_analysis",
    "heatmap_visualization",
    "options_strategies",
    "interactive_charts",
    "valuation_agent",
    "ontology_graph",
    "graph_clustering",
    "volatility_analysis",
    "fundamental_agent",
    "options_pricing",
    "options_volatility",
    "agent_orchestration",
    "streaming_quotes",
    "options_alerts",
    "technical_analysis",
    "market_overview",
    "sentiment_agent",
    "valuation_analysis",
    "sigma_js_graph",
    "options_gamma",
    "3d_visualization",
    "portfolio_coordinator",
    "risk_analysis",
    "network_topology",
    "live_data_stream",
    "system_health",
    "knowledge_graph",
    "enhanced_graph",
    "correlation_analysis"
  ],
  "timestamp": 1757885561.8683038
}